<?xml version="1.0" encoding="UTF-8"?>
<testng-results skipped="0" failed="0" ignored="0" total="1" passed="1">
  <reporter-output>
  </reporter-output>
  <suite name="Default suite" duration-ms="37543" started-at="2018-09-28T05:27:19Z" finished-at="2018-09-28T05:27:56Z">
    <groups>
    </groups>
    <test name="Default test" duration-ms="37543" started-at="2018-09-28T05:27:19Z" finished-at="2018-09-28T05:27:56Z">
      <class name="pageAction.facebookmav">
        <test-method status="PASS" signature="Launch()[pri:0, instance:pageAction.facebookmav@6a41eaa2]" name="Launch" duration-ms="37480" started-at="2018-09-28T05:27:19Z" finished-at="2018-09-28T05:27:56Z">
          <reporter-output>
          </reporter-output>
        </test-method> <!-- Launch -->
      </class> <!-- pageAction.facebookmav -->
    </test> <!-- Default test -->
  </suite> <!-- Default suite -->
</testng-results>
