<?xml version="1.0" encoding="UTF-8"?>
<testng-results skipped="0" failed="0" ignored="0" total="1" passed="1">
  <reporter-output>
  </reporter-output>
  <suite name="Suite" duration-ms="17179" started-at="2018-09-18T04:32:42Z" finished-at="2018-09-18T04:32:59Z">
    <groups>
    </groups>
    <test name="Test" duration-ms="17179" started-at="2018-09-18T04:32:42Z" finished-at="2018-09-18T04:32:59Z">
      <class name="pageAction.facebookmav">
        <test-method status="PASS" signature="Launch()[pri:0, instance:pageAction.facebookmav@246ae04d]" name="Launch" duration-ms="17062" started-at="2018-09-18T04:32:42Z" finished-at="2018-09-18T04:32:59Z">
          <reporter-output>
          </reporter-output>
        </test-method> <!-- Launch -->
      </class> <!-- pageAction.facebookmav -->
    </test> <!-- Test -->
  </suite> <!-- Suite -->
</testng-results>
